Number of GPUs: 4
Batch size: 32
train total time is 7.212656021118164
Epoch 0, train MAE: 8394.43359375, train accuracy: 0.5 loss: 121569758.46153846
train total time is 1.484022617340088
Epoch 1, train MAE: 8302.32421875, train accuracy: 0.5 loss: 120151693.84615384
train total time is 1.4524505138397217
Epoch 2, train MAE: 6049.3681640625, train accuracy: 0.5014224007927331 loss: 69424370.3076923
train total time is 1.6331162452697754
Epoch 3, train MAE: 5379.861328125, train accuracy: 0.5 loss: 52243082.76923077
train total time is 1.6436455249786377
Epoch 4, train MAE: 5365.029296875, train accuracy: 0.5 loss: 51568838.307692304
train total time is 1.4326331615447998
Epoch 5, train MAE: 5355.07080078125, train accuracy: 0.5 loss: 51247997.538461536
train total time is 1.4435381889343262
Epoch 6, train MAE: 5361.37548828125, train accuracy: 0.5 loss: 51036223.538461536
train total time is 1.4512355327606201
Epoch 7, train MAE: 5338.0703125, train accuracy: 0.5 loss: 51056403.84615385
train total time is 1.493337869644165
Epoch 8, train MAE: 5360.12255859375, train accuracy: 0.5 loss: 51235092.0
train total time is 1.540907859802246
Epoch 9, train MAE: 5362.68701171875, train accuracy: 0.5 loss: 51164269.84615385
train total time is 1.4500246047973633
Epoch 10, train MAE: 5379.71630859375, train accuracy: 0.5 loss: 51405547.07692308
train total time is 1.503514051437378
Epoch 11, train MAE: 5338.306640625, train accuracy: 0.5 loss: 51328388.461538464
train total time is 1.5351545810699463
Epoch 12, train MAE: 5342.3876953125, train accuracy: 0.5 loss: 50733715.23076923
train total time is 1.5279333591461182
Epoch 13, train MAE: 5377.73388671875, train accuracy: 0.5 loss: 51534293.23076923
train total time is 1.5503673553466797
Epoch 14, train MAE: 5356.56494140625, train accuracy: 0.5 loss: 51167028.307692304
train total time is 1.6422410011291504
Epoch 15, train MAE: 5382.0302734375, train accuracy: 0.5 loss: 51162636.15384615
train total time is 1.5392720699310303
Epoch 16, train MAE: 5308.51904296875, train accuracy: 0.5 loss: 50008250.0
train total time is 1.520101547241211
Epoch 17, train MAE: 5350.59912109375, train accuracy: 0.5 loss: 50852128.15384615
train total time is 1.5618352890014648
Epoch 18, train MAE: 5296.30712890625, train accuracy: 0.5 loss: 46941916.692307696
train total time is 1.5001676082611084
Epoch 19, train MAE: 5364.81689453125, train accuracy: 0.5 loss: 51066793.384615384
train total time is 1.5672433376312256
Epoch 20, train MAE: 5356.95263671875, train accuracy: 0.5 loss: 51364974.461538464
train total time is 1.7672085762023926
Epoch 21, train MAE: 5354.14794921875, train accuracy: 0.5 loss: 51070841.538461536
train total time is 1.5322179794311523
Epoch 22, train MAE: 5363.17236328125, train accuracy: 0.5 loss: 51105881.23076923
train total time is 1.7101006507873535
Epoch 23, train MAE: 5348.259765625, train accuracy: 0.5 loss: 50840194.461538464
train total time is 1.7114276885986328
Epoch 24, train MAE: 5357.80908203125, train accuracy: 0.5 loss: 50758681.692307696
train total time is 1.86051344871521
Epoch 25, train MAE: 5331.30419921875, train accuracy: 0.5 loss: 50570632.15384615
train total time is 1.8853256702423096
Epoch 26, train MAE: 5336.4951171875, train accuracy: 0.5 loss: 50706465.84615385
train total time is 2.0532166957855225
Epoch 27, train MAE: 5333.08935546875, train accuracy: 0.5 loss: 50487891.615384616
train total time is 2.2803549766540527
Epoch 28, train MAE: 5342.9404296875, train accuracy: 0.5 loss: 50511398.307692304
train total time is 2.5864124298095703
Epoch 29, train MAE: 5354.98095703125, train accuracy: 0.5 loss: 50726048.307692304
train total time is 2.893674373626709
Epoch 30, train MAE: 5349.650390625, train accuracy: 0.5 loss: 50692390.692307696
train total time is 3.2782018184661865
Epoch 31, train MAE: 5310.61767578125, train accuracy: 0.5 loss: 50418958.76923077
train total time is 3.5241761207580566
Epoch 32, train MAE: 5334.50244140625, train accuracy: 0.5 loss: 49662880.0
train total time is 3.3302791118621826
Epoch 33, train MAE: 5327.90625, train accuracy: 0.5 loss: 50281280.0
train total time is 3.4327306747436523
Epoch 34, train MAE: 5351.873046875, train accuracy: 0.5 loss: 50780109.692307696
train total time is 3.39810848236084
Epoch 35, train MAE: 5347.55224609375, train accuracy: 0.5 loss: 50389689.384615384
train total time is 3.4241464138031006
Epoch 36, train MAE: 5334.16455078125, train accuracy: 0.5 loss: 50214907.15384615
train total time is 3.4329299926757812
Epoch 37, train MAE: 5306.6875, train accuracy: 0.5 loss: 50093456.615384616
train total time is 3.4222724437713623
Epoch 38, train MAE: 5335.13525390625, train accuracy: 0.5 loss: 49981431.0
train total time is 3.653585910797119
Epoch 39, train MAE: 5339.23095703125, train accuracy: 0.5 loss: 50549719.615384616
train total time is 3.385849952697754
Epoch 40, train MAE: 5320.427734375, train accuracy: 0.5 loss: 50335799.84615385
train total time is 3.5312325954437256
Epoch 41, train MAE: 5324.259765625, train accuracy: 0.5 loss: 50320014.76923077
train total time is 3.4172730445861816
Epoch 42, train MAE: 5340.7509765625, train accuracy: 0.5 loss: 50305336.307692304
train total time is 3.409599781036377
Epoch 43, train MAE: 5307.0791015625, train accuracy: 0.5 loss: 49032041.23076923
train total time is 3.533738613128662
Epoch 44, train MAE: 5286.8818359375, train accuracy: 0.5 loss: 48803012.461538464
train total time is 3.410043478012085
Epoch 45, train MAE: 5312.21142578125, train accuracy: 0.5 loss: 49881116.615384616
train total time is 3.4120047092437744
Epoch 46, train MAE: 5349.2763671875, train accuracy: 0.5 loss: 49971349.84615385
train total time is 3.444779872894287
Epoch 47, train MAE: 5312.61767578125, train accuracy: 0.5 loss: 50187448.76923077
train total time is 3.4069910049438477
Epoch 48, train MAE: 5306.82861328125, train accuracy: 0.5 loss: 49961199.23076923
train total time is 3.6119368076324463
Epoch 49, train MAE: 5330.294921875, train accuracy: 0.5 loss: 49587895.84615385
train total time is 3.4300730228424072
Epoch 50, train MAE: 5276.76513671875, train accuracy: 0.5 loss: 48946019.84615385
train total time is 3.4499948024749756
Epoch 51, train MAE: 5262.3017578125, train accuracy: 0.5 loss: 47800082.615384616
train total time is 3.410983085632324
Epoch 52, train MAE: 5259.09375, train accuracy: 0.5 loss: 46932693.615384616
train total time is 3.4742348194122314
Epoch 53, train MAE: 5250.5546875, train accuracy: 0.5 loss: 48057715.307692304
train total time is 3.563478469848633
Epoch 54, train MAE: 5232.9951171875, train accuracy: 0.5 loss: 47653140.15384615
train total time is 3.4284069538116455
Epoch 55, train MAE: 5249.166015625, train accuracy: 0.5 loss: 47615554.615384616
train total time is 3.421654462814331
Epoch 56, train MAE: 5198.2177734375, train accuracy: 0.5 loss: 47273652.92307692
train total time is 3.5438547134399414
Epoch 57, train MAE: 5180.85205078125, train accuracy: 0.5 loss: 46806538.0
train total time is 3.4147679805755615
Epoch 58, train MAE: 5131.974609375, train accuracy: 0.5 loss: 45161582.0
train total time is 3.519564390182495
Epoch 59, train MAE: 5143.5126953125, train accuracy: 0.5 loss: 45113783.461538464
train total time is 3.444923162460327
Epoch 60, train MAE: 5056.53076171875, train accuracy: 0.5 loss: 44185468.538461536
train total time is 3.494316577911377
Epoch 61, train MAE: 4976.58251953125, train accuracy: 0.5 loss: 42449867.615384616
train total time is 3.4067978858947754
Epoch 62, train MAE: 4977.7734375, train accuracy: 0.5 loss: 42326643.15384615
train total time is 3.417233943939209
Epoch 63, train MAE: 4756.8662109375, train accuracy: 0.5 loss: 39315621.23076923
train total time is 3.5004515647888184
Epoch 64, train MAE: 4483.05908203125, train accuracy: 0.5 loss: 36580251.07692308
train total time is 3.537893056869507
Epoch 65, train MAE: 4370.3232421875, train accuracy: 0.5 loss: 34992226.384615384
train total time is 3.4815480709075928
Epoch 66, train MAE: 4196.49267578125, train accuracy: 0.5 loss: 33386250.769230768
train total time is 3.445937156677246
Epoch 67, train MAE: 4128.75830078125, train accuracy: 0.5 loss: 32541333.384615384
train total time is 3.3894824981689453
Epoch 68, train MAE: 4076.516845703125, train accuracy: 0.5 loss: 31984396.769230768
train total time is 3.5340328216552734
Epoch 69, train MAE: 4021.144287109375, train accuracy: 0.5 loss: 31524300.53846154
train total time is 3.3991951942443848
Epoch 70, train MAE: 4088.963623046875, train accuracy: 0.5 loss: 32177260.769230768
train total time is 3.423208236694336
Epoch 71, train MAE: 4123.6181640625, train accuracy: 0.5 loss: 32333621.076923076
train total time is 3.4451565742492676
Epoch 72, train MAE: 3914.95263671875, train accuracy: 0.5 loss: 30460213.53846154
train total time is 3.4690778255462646
Epoch 73, train MAE: 3912.396728515625, train accuracy: 0.5 loss: 29903963.46153846
train total time is 3.5308914184570312
Epoch 74, train MAE: 4019.774658203125, train accuracy: 0.5 loss: 30520737.307692308
train total time is 3.44106125831604
Epoch 75, train MAE: 4022.789306640625, train accuracy: 0.5 loss: 30491689.384615384
train total time is 3.444333553314209
Epoch 76, train MAE: 3983.03271484375, train accuracy: 0.5 loss: 30275850.46153846
train total time is 3.464524507522583
Epoch 77, train MAE: 3829.4091796875, train accuracy: 0.5 loss: 28186892.307692308
train total time is 3.417055606842041
Epoch 78, train MAE: 3657.191162109375, train accuracy: 0.5 loss: 26222592.615384616
train total time is 3.45875883102417
Epoch 79, train MAE: 3517.527099609375, train accuracy: 0.5 loss: 24985521.230769232
train total time is 3.4213218688964844
Epoch 80, train MAE: 3304.459228515625, train accuracy: 0.5 loss: 22169778.730769232
train total time is 3.4096908569335938
Epoch 81, train MAE: 2980.4638671875, train accuracy: 0.5 loss: 18836454.846153848
train total time is 3.418254852294922
Epoch 82, train MAE: 2775.441650390625, train accuracy: 0.5 loss: 17121389.423076924
train total time is 3.4284703731536865
Epoch 83, train MAE: 2567.638916015625, train accuracy: 0.5 loss: 15453405.615384616
train total time is 3.4767091274261475
Epoch 84, train MAE: 2513.2353515625, train accuracy: 0.5 loss: 15273299.192307692
train total time is 3.476269483566284
Epoch 85, train MAE: 2516.906494140625, train accuracy: 0.5 loss: 14757486.076923076
train total time is 3.4540045261383057
Epoch 86, train MAE: 2409.6328125, train accuracy: 0.5 loss: 14802752.461538462
train total time is 3.568284034729004
Epoch 87, train MAE: 2353.05908203125, train accuracy: 0.5 loss: 14331305.76923077
train total time is 3.5349600315093994
Epoch 88, train MAE: 2394.58251953125, train accuracy: 0.5 loss: 14499059.76923077
train total time is 3.580352306365967
Epoch 89, train MAE: 2305.3759765625, train accuracy: 0.5 loss: 13813795.153846154
train total time is 3.494325876235962
Epoch 90, train MAE: 2252.549072265625, train accuracy: 0.5 loss: 13450201.807692308
train total time is 3.5758042335510254
Epoch 91, train MAE: 2272.48095703125, train accuracy: 0.5 loss: 13506258.403846154
train total time is 3.445770740509033
Epoch 92, train MAE: 2249.6025390625, train accuracy: 0.5 loss: 13425642.653846154
train total time is 3.5502915382385254
Epoch 93, train MAE: 2184.540283203125, train accuracy: 0.5 loss: 12868585.153846154
train total time is 3.5900073051452637
Epoch 94, train MAE: 2149.48193359375, train accuracy: 0.5 loss: 12658105.576923076
train total time is 3.5640525817871094
Epoch 95, train MAE: 2176.921142578125, train accuracy: 0.5 loss: 12697522.211538462
train total time is 3.5137081146240234
Epoch 96, train MAE: 2118.911865234375, train accuracy: 0.5 loss: 12117512.961538462
train total time is 3.455017566680908
Epoch 97, train MAE: 2175.58203125, train accuracy: 0.5 loss: 12617549.807692308
train total time is 3.4315643310546875
Epoch 98, train MAE: 2107.1826171875, train accuracy: 0.5 loss: 12025357.461538462
train total time is 3.542058229446411
Epoch 99, train MAE: 2112.247314453125, train accuracy: 0.5000112483467863 loss: 12344762.288461538
train total time is 3.5427207946777344
Epoch 100, train MAE: 2107.015869140625, train accuracy: 0.5000124853297375 loss: 12635603.346153846
train total time is 3.4689013957977295
Epoch 101, train MAE: 2139.510498046875, train accuracy: 0.5 loss: 12446400.326923076
train total time is 3.4496285915374756
Epoch 102, train MAE: 2060.807373046875, train accuracy: 0.5 loss: 11910289.192307692
train total time is 3.5033798217773438
Epoch 103, train MAE: 2152.1455078125, train accuracy: 0.5 loss: 12510306.26923077
train total time is 3.5305793285369873
Epoch 104, train MAE: 1992.766845703125, train accuracy: 0.5001346582485824 loss: 11065352.307692308
train total time is 3.4640591144561768
Epoch 105, train MAE: 2044.768310546875, train accuracy: 0.5000488895304445 loss: 11797858.653846154
train total time is 3.5741727352142334
Epoch 106, train MAE: 2061.80908203125, train accuracy: 0.5000238049145055 loss: 11694367.846153846
train total time is 3.509404420852661
Epoch 107, train MAE: 2038.963134765625, train accuracy: 0.500093502917341 loss: 11518132.307692308
train total time is 3.4538815021514893
Epoch 108, train MAE: 1976.166015625, train accuracy: 0.5001695861583126 loss: 11296735.134615384
train total time is 3.5501556396484375
Epoch 109, train MAE: 1935.7408447265625, train accuracy: 0.5 loss: 10885686.75
train total time is 3.4313573837280273
Epoch 110, train MAE: 1992.525390625, train accuracy: 0.5000112534371439 loss: 11444844.48076923
train total time is 3.6190037727355957
Epoch 111, train MAE: 1988.319580078125, train accuracy: 0.5 loss: 11274417.423076924
train total time is 3.4199061393737793
Epoch 112, train MAE: 1971.01416015625, train accuracy: 0.5007529436256848 loss: 11698790.288461538
train total time is 3.4508299827575684
Epoch 113, train MAE: 2012.4759521484375, train accuracy: 0.5000625688257083 loss: 11308725.538461538
train total time is 3.5082075595855713
Epoch 114, train MAE: 2009.3736572265625, train accuracy: 0.5 loss: 11330326.211538462
train total time is 3.4325764179229736
Epoch 115, train MAE: 1970.1978759765625, train accuracy: 0.5000364289162261 loss: 11218733.653846154
train total time is 3.431790351867676
Epoch 116, train MAE: 1937.05322265625, train accuracy: 0.5000488567243946 loss: 10914804.25
train total time is 3.5154364109039307
Epoch 117, train MAE: 1974.460693359375, train accuracy: 0.5000185076538283 loss: 11539685.48076923
train total time is 3.551561117172241
Epoch 118, train MAE: 1960.0078125, train accuracy: 0.5001551656645146 loss: 11289942.076923076
train total time is 3.6064584255218506
Epoch 119, train MAE: 2049.601806640625, train accuracy: 0.5001111694418016 loss: 11537388.01923077
train total time is 3.3926877975463867
Epoch 120, train MAE: 1932.8431396484375, train accuracy: 0.5000974744358165 loss: 10899912.807692308
train total time is 3.568648338317871
Epoch 121, train MAE: 1896.1707763671875, train accuracy: 0.5000589314998456 loss: 11048582.826923076
train total time is 3.4220974445343018
Epoch 122, train MAE: 1970.35693359375, train accuracy: 0.5000099322427923 loss: 11099810.903846154
train total time is 3.4589791297912598
Epoch 123, train MAE: 1980.305419921875, train accuracy: 0.5001461514386094 loss: 11257723.826923076
train total time is 3.537951946258545
Epoch 124, train MAE: 1916.9364013671875, train accuracy: 0.5000477992722314 loss: 11161917.057692308
train total time is 3.48106050491333
Epoch 125, train MAE: 1957.236328125, train accuracy: 0.5000475213143615 loss: 10986662.557692308
train total time is 3.4193642139434814
Epoch 126, train MAE: 1846.0950927734375, train accuracy: 0.500009898693516 loss: 10076602.826923076
train total time is 3.527679443359375
Epoch 127, train MAE: 1923.1231689453125, train accuracy: 0.5000599704777543 loss: 11177835.634615384
train total time is 3.448725938796997
Epoch 128, train MAE: 1882.2747802734375, train accuracy: 0.5000348592414913 loss: 10824443.903846154
train total time is 3.4389822483062744
Epoch 129, train MAE: 1849.163330078125, train accuracy: 0.5 loss: 10363963.442307692
train total time is 3.4216108322143555
Epoch 130, train MAE: 1876.556884765625, train accuracy: 0.500057220880554 loss: 10671977.557692308
train total time is 3.673372745513916
Epoch 131, train MAE: 1901.8602294921875, train accuracy: 0.5001853326493466 loss: 10381836.865384616
train total time is 3.512305736541748
Epoch 132, train MAE: 1890.1697998046875, train accuracy: 0.5000339233183863 loss: 10564967.961538462
train total time is 3.470149278640747
Epoch 133, train MAE: 1922.94482421875, train accuracy: 0.500385481481953 loss: 10914407.288461538
train total time is 3.4717302322387695
Epoch 134, train MAE: 1866.384765625, train accuracy: 0.5001767325728023 loss: 10543871.576923076
train total time is 3.4339475631713867
Epoch 135, train MAE: 1870.124267578125, train accuracy: 0.5003098477156298 loss: 9614239.961538462
train total time is 3.5566892623901367
Epoch 136, train MAE: 1920.452392578125, train accuracy: 0.5002574124440967 loss: 10481082.961538462
train total time is 3.5076563358306885
Epoch 137, train MAE: 1853.7979736328125, train accuracy: 0.5000211462576564 loss: 10488768.48076923
train total time is 3.547119140625
Epoch 138, train MAE: 1825.6346435546875, train accuracy: 0.5 loss: 10231702.153846154
train total time is 3.505347490310669
Epoch 139, train MAE: 1868.06298828125, train accuracy: 0.5000724638281231 loss: 10351076.923076924
train total time is 3.4082248210906982
Epoch 140, train MAE: 1884.0677490234375, train accuracy: 0.5000574431801436 loss: 10702177.5
train total time is 3.45542049407959
Epoch 141, train MAE: 1831.66748046875, train accuracy: 0.5001334932688143 loss: 10118530.307692308
train total time is 3.4294593334198
Epoch 142, train MAE: 1882.02099609375, train accuracy: 0.5 loss: 10660798.365384616
train total time is 3.4315316677093506
Epoch 143, train MAE: 1777.6895751953125, train accuracy: 0.4999987045222537 loss: 10217705.884615384
train total time is 3.56506609916687
Epoch 144, train MAE: 1800.0018310546875, train accuracy: 0.5000737892305519 loss: 10137834.423076924
train total time is 3.410623073577881
Epoch 145, train MAE: 1791.23193359375, train accuracy: 0.5001072167957934 loss: 10000587.98076923
train total time is 3.517975330352783
Epoch 146, train MAE: 1785.767578125, train accuracy: 0.5001454951072507 loss: 10041680.307692308
train total time is 3.468804359436035
Epoch 147, train MAE: 1799.97607421875, train accuracy: 0.5000838253000737 loss: 10090178.903846154
train total time is 3.5837371349334717
Epoch 148, train MAE: 1753.76025390625, train accuracy: 0.5001228807398949 loss: 9784457.173076924
train total time is 3.548581600189209
Epoch 149, train MAE: 1818.926513671875, train accuracy: 0.5001958529165031 loss: 10315522.5
train total time is 3.454413652420044
Epoch 150, train MAE: 1801.4967041015625, train accuracy: 0.5000716281461547 loss: 10206108.153846154
train total time is 3.447265386581421
Epoch 151, train MAE: 1767.01953125, train accuracy: 0.5000689204860873 loss: 9999616.788461538
train total time is 3.478458881378174
Epoch 152, train MAE: 1844.756103515625, train accuracy: 0.5004020679904074 loss: 10543231.653846154
train total time is 3.454038143157959
Epoch 153, train MAE: 1858.675048828125, train accuracy: 0.500130743813289 loss: 10735951.826923076
train total time is 3.599898099899292
Epoch 154, train MAE: 1779.165283203125, train accuracy: 0.5005829137048751 loss: 8974172.538461538
train total time is 3.56662917137146
Epoch 155, train MAE: 1751.6182861328125, train accuracy: 0.5007746593958484 loss: 9958559.48076923
train total time is 3.4538791179656982
Epoch 156, train MAE: 1781.458740234375, train accuracy: 0.500061525677753 loss: 10289532.211538462
train total time is 3.4279770851135254
Epoch 157, train MAE: 1804.93212890625, train accuracy: 0.5015918791278239 loss: 10007827.48076923
train total time is 3.478593111038208
Epoch 158, train MAE: 1747.781982421875, train accuracy: 0.5004744564501983 loss: 9351536.153846154
train total time is 3.4667532444000244
Epoch 159, train MAE: 1740.708984375, train accuracy: 0.5002743440461828 loss: 9660268.596153846
train total time is 3.508997678756714
Epoch 160, train MAE: 1782.2225341796875, train accuracy: 0.5021745164960988 loss: 10109089.153846154
train total time is 3.52571177482605
Epoch 161, train MAE: 1757.0130615234375, train accuracy: 0.5004956749497989 loss: 9925958.403846154
train total time is 3.482548236846924
Epoch 162, train MAE: 1713.26708984375, train accuracy: 0.501420065569313 loss: 9467602.346153846
train total time is 3.4834702014923096
Epoch 163, train MAE: 1795.2767333984375, train accuracy: 0.501044455705874 loss: 10285325.48076923
train total time is 3.4259393215179443
Epoch 164, train MAE: 1787.63671875, train accuracy: 0.500341831758854 loss: 10086348.211538462
train total time is 3.4134867191314697
Epoch 165, train MAE: 1808.7264404296875, train accuracy: 0.5016483707944648 loss: 9790049.788461538
train total time is 3.557262897491455
Epoch 166, train MAE: 1881.8177490234375, train accuracy: 0.5002006599870095 loss: 10585713.826923076
train total time is 3.455967903137207
Epoch 167, train MAE: 1788.605712890625, train accuracy: 0.5039515580742676 loss: 9750305.76923077
train total time is 3.48211932182312
Epoch 168, train MAE: 1738.2381591796875, train accuracy: 0.5002296778293546 loss: 9741951.307692308
train total time is 3.39888334274292
Epoch 169, train MAE: 1693.648193359375, train accuracy: 0.5013139214244237 loss: 9420592.153846154
train total time is 3.435826539993286
Epoch 170, train MAE: 1723.5552978515625, train accuracy: 0.5017181162604646 loss: 9496546.586538462
train total time is 3.5589358806610107
Epoch 171, train MAE: 1713.006591796875, train accuracy: 0.5026885902455857 loss: 9560018.25
train total time is 3.4851911067962646
Epoch 172, train MAE: 1692.2664794921875, train accuracy: 0.50195144237998 loss: 9431563.51923077
train total time is 3.4451050758361816
Epoch 173, train MAE: 1701.830078125, train accuracy: 0.5010497530873214 loss: 9720887.326923076
train total time is 3.4333837032318115
Epoch 174, train MAE: 1718.511474609375, train accuracy: 0.5027488746648936 loss: 9534658.576923076
train total time is 3.4369261264801025
Epoch 175, train MAE: 1710.03759765625, train accuracy: 0.5011868364966523 loss: 9548731.75
train total time is 3.4297187328338623
Epoch 176, train MAE: 1675.054931640625, train accuracy: 0.5019450349131365 loss: 9113904.307692308
train total time is 3.4727261066436768
Epoch 177, train MAE: 1709.94140625, train accuracy: 0.5032120335221089 loss: 9373695.673076924
train total time is 3.6405539512634277
Epoch 178, train MAE: 1720.544921875, train accuracy: 0.5037572761209881 loss: 9290318.211538462
train total time is 3.4875073432922363
Epoch 179, train MAE: 1707.290283203125, train accuracy: 0.5039609745190872 loss: 9734198.153846154
train total time is 3.637608051300049
Epoch 180, train MAE: 1748.06201171875, train accuracy: 0.5040905599652907 loss: 9350396.23076923
train total time is 3.4117515087127686
Epoch 181, train MAE: 1712.907470703125, train accuracy: 0.5059356737976438 loss: 9506154.057692308
train total time is 3.460878610610962
Epoch 182, train MAE: 1743.6729736328125, train accuracy: 0.5053213149004415 loss: 9705111.75
train total time is 3.473029136657715
Epoch 183, train MAE: 1725.87158203125, train accuracy: 0.5037507435309478 loss: 9726182.26923077
train total time is 3.588683843612671
Epoch 184, train MAE: 1714.6239013671875, train accuracy: 0.5028662144890038 loss: 8544418.60576923
train total time is 3.4637858867645264
Epoch 185, train MAE: 1715.66455078125, train accuracy: 0.5030421017232694 loss: 9738134.134615384
train total time is 3.45534348487854
Epoch 186, train MAE: 1689.96630859375, train accuracy: 0.5034556907478412 loss: 9218119.923076924
train total time is 3.4333415031433105
Epoch 187, train MAE: 1687.482666015625, train accuracy: 0.5026563417227649 loss: 9506500.596153846
train total time is 3.5116569995880127
Epoch 188, train MAE: 1730.452880859375, train accuracy: 0.5012418023559133 loss: 9347464.307692308
train total time is 3.4205219745635986
Epoch 189, train MAE: 1661.3255615234375, train accuracy: 0.5061751335033716 loss: 9192808.682692308
train total time is 3.633692502975464
Epoch 190, train MAE: 1686.6951904296875, train accuracy: 0.5015660755182898 loss: 9345165.596153846
train total time is 3.4564781188964844
Epoch 191, train MAE: 1742.68701171875, train accuracy: 0.506362955208531 loss: 9745740.913461538
train total time is 3.4455902576446533
Epoch 192, train MAE: 1712.279296875, train accuracy: 0.507001980368653 loss: 9576724.25
train total time is 3.514681577682495
Epoch 193, train MAE: 1669.5125732421875, train accuracy: 0.5088398107056823 loss: 9013234.413461538
train total time is 3.4054932594299316
Epoch 194, train MAE: 1768.0057373046875, train accuracy: 0.5055488544800806 loss: 9715472.788461538
train total time is 3.5268919467926025
Epoch 195, train MAE: 1692.89697265625, train accuracy: 0.5046842319596706 loss: 9258765.788461538
train total time is 3.6136937141418457
Epoch 196, train MAE: 1681.9224853515625, train accuracy: 0.503066603604171 loss: 9143432.346153846
train total time is 3.441790819168091
Epoch 197, train MAE: 1669.3074951171875, train accuracy: 0.5088617270230322 loss: 9415982.923076924
train total time is 3.6168525218963623
Epoch 198, train MAE: 1696.931640625, train accuracy: 0.5043017946952932 loss: 9354242.615384616
train total time is 3.4443013668060303
Epoch 199, train MAE: 1640.2813720703125, train accuracy: 0.5086228751088561 loss: 8925502.403846154
train total time is 3.488757371902466
Epoch 200, train MAE: 1640.21484375, train accuracy: 0.5048285581739917 loss: 8481914.701923076
train total time is 3.4055027961730957
Epoch 201, train MAE: 1701.0665283203125, train accuracy: 0.5086893371284755 loss: 9137172.692307692
train total time is 3.459333658218384
Epoch 202, train MAE: 1655.5592041015625, train accuracy: 0.5118034490910902 loss: 9149347.875
train total time is 3.497260332107544
Epoch 203, train MAE: 1663.451416015625, train accuracy: 0.5028600411455362 loss: 9540263.692307692
train total time is 3.4735445976257324
Epoch 204, train MAE: 1637.6346435546875, train accuracy: 0.5048125420798093 loss: 9213526.826923076
train total time is 3.4282400608062744
Epoch 205, train MAE: 1672.072265625, train accuracy: 0.505988868375119 loss: 9701122.192307692
train total time is 3.5892059803009033
Epoch 206, train MAE: 1688.02001953125, train accuracy: 0.5127042420344539 loss: 9289958.51923077
train total time is 3.4675827026367188
Epoch 207, train MAE: 1625.618408203125, train accuracy: 0.5069637418508531 loss: 9053419.5
train total time is 3.522923707962036
Epoch 208, train MAE: 1698.1629638671875, train accuracy: 0.5069350781731201 loss: 9198092.673076924
train total time is 3.4858312606811523
Epoch 209, train MAE: 1651.656005859375, train accuracy: 0.5085156969772826 loss: 9400059.759615384
train total time is 3.4164676666259766
Epoch 210, train MAE: 1631.32177734375, train accuracy: 0.5074170026574154 loss: 7974229.355769231
train total time is 3.452979564666748
Epoch 211, train MAE: 1751.2786865234375, train accuracy: 0.5080442961319157 loss: 9662643.538461538
train total time is 3.464911937713623
Epoch 212, train MAE: 1683.63916015625, train accuracy: 0.5071176363550443 loss: 9163580.567307692
train total time is 3.5356733798980713
Epoch 213, train MAE: 1687.13037109375, train accuracy: 0.5103816243140964 loss: 9313255.346153846
train total time is 3.442715883255005
Epoch 214, train MAE: 1654.574951171875, train accuracy: 0.5093234725223774 loss: 9212974.221153846
train total time is 3.4978690147399902
Epoch 215, train MAE: 1696.9217529296875, train accuracy: 0.5067931609939267 loss: 9573263.923076924
train total time is 3.434959888458252
Epoch 216, train MAE: 1752.0438232421875, train accuracy: 0.5120829912657915 loss: 10137348.903846154
train total time is 3.4153335094451904
Epoch 217, train MAE: 1665.448486328125, train accuracy: 0.5057738472007076 loss: 9236593.25
train total time is 3.5680930614471436
Epoch 218, train MAE: 1678.978271484375, train accuracy: 0.5125485551718318 loss: 8868986.423076924
train total time is 3.420421600341797
Epoch 219, train MAE: 1609.9451904296875, train accuracy: 0.5051438030462924 loss: 8805366.01923077
train total time is 3.579556703567505
Epoch 220, train MAE: 1659.715087890625, train accuracy: 0.5077462657416871 loss: 9044929.673076924
train total time is 3.4207096099853516
Epoch 221, train MAE: 1632.388427734375, train accuracy: 0.5034915215240221 loss: 8813831.096153846
train total time is 3.489259958267212
Epoch 222, train MAE: 1692.500244140625, train accuracy: 0.5101449783873659 loss: 9937428.442307692
train total time is 3.5485405921936035
Epoch 223, train MAE: 1777.73681640625, train accuracy: 0.5017703364297547 loss: 9201151.442307692
train total time is 3.4467806816101074
Epoch 224, train MAE: 1605.2806396484375, train accuracy: 0.5138465382070861 loss: 8704748.73076923
train total time is 3.4433445930480957
Epoch 225, train MAE: 1594.8665771484375, train accuracy: 0.5068476308606751 loss: 8058443.067307692
train total time is 3.501274585723877
Epoch 226, train MAE: 1618.068359375, train accuracy: 0.50604656798848 loss: 8854801.788461538
train total time is 3.420560359954834
Epoch 227, train MAE: 1677.0565185546875, train accuracy: 0.5037302059095823 loss: 9016733.25
train total time is 3.5566587448120117
Epoch 228, train MAE: 1625.2833251953125, train accuracy: 0.5070481637508227 loss: 8811772.634615384
train total time is 3.526244640350342
Epoch 229, train MAE: 1593.1119384765625, train accuracy: 0.5066391624460932 loss: 8814395.884615384
train total time is 3.4408915042877197
Epoch 230, train MAE: 1665.0916748046875, train accuracy: 0.5151807138745016 loss: 9050753.307692308
train total time is 3.5125160217285156
Epoch 231, train MAE: 1621.470703125, train accuracy: 0.50423278237915 loss: 8726914.288461538
train total time is 3.4737625122070312
Epoch 232, train MAE: 1629.8541259765625, train accuracy: 0.5076119417925807 loss: 8849638.307692308
train total time is 3.520310878753662
Epoch 233, train MAE: 1599.1807861328125, train accuracy: 0.5111884055696742 loss: 8736272.557692308
train total time is 3.428440809249878
Epoch 234, train MAE: 1600.20166015625, train accuracy: 0.5150834098994456 loss: 8761593.538461538
train total time is 3.425523042678833
Epoch 235, train MAE: 1616.08837890625, train accuracy: 0.5055507807263527 loss: 8485610.73076923
train total time is 3.433781385421753
Epoch 236, train MAE: 1567.865478515625, train accuracy: 0.5127829027984251 loss: 8485651.884615384
train total time is 3.484457015991211
Epoch 237, train MAE: 1545.5501708984375, train accuracy: 0.5101546951215622 loss: 8387825.230769231
train total time is 3.5356290340423584
Epoch 238, train MAE: 1589.7911376953125, train accuracy: 0.5160330634546004 loss: 8757477.35576923
train total time is 3.4239695072174072
Epoch 239, train MAE: 1604.087158203125, train accuracy: 0.5108103011435613 loss: 8745742.336538462
train total time is 3.436229944229126
Epoch 240, train MAE: 1597.6907958984375, train accuracy: 0.5078504991872602 loss: 8707334.759615384
train total time is 3.449326515197754
Epoch 241, train MAE: 1564.892822265625, train accuracy: 0.521000324697025 loss: 8680298.740384616
train total time is 3.557526111602783
Epoch 242, train MAE: 1670.54638671875, train accuracy: 0.5036162566670981 loss: 9478435.557692308
train total time is 3.529768943786621
Epoch 243, train MAE: 1583.929931640625, train accuracy: 0.5318703127741128 loss: 8478836.865384616
train total time is 3.4520139694213867
Epoch 244, train MAE: 1603.6759033203125, train accuracy: 0.5128914616223376 loss: 8688531.528846154
train total time is 3.554992914199829
Epoch 245, train MAE: 1572.3897705078125, train accuracy: 0.531183975882062 loss: 8771363.259615384
train total time is 3.4462485313415527
Epoch 246, train MAE: 1684.134033203125, train accuracy: 0.5229256644782916 loss: 8982311.826923076
train total time is 3.453212022781372
Epoch 247, train MAE: 1658.978759765625, train accuracy: 0.522069555543309 loss: 9218001.0
train total time is 3.4401497840881348
Epoch 248, train MAE: 1688.556884765625, train accuracy: 0.5457606697145829 loss: 9228217.240384616
train total time is 3.4371275901794434
Epoch 249, train MAE: 1629.1282958984375, train accuracy: 0.5042006425136794 loss: 8635549.990384616
train total time is 3.6655354499816895
Epoch 250, train MAE: 1630.86083984375, train accuracy: 0.513351264613502 loss: 9112722.865384616
train total time is 3.5411570072174072
Epoch 251, train MAE: 1584.52294921875, train accuracy: 0.5176214907466079 loss: 8466195.009615384
train total time is 3.4448201656341553
Epoch 252, train MAE: 1626.6966552734375, train accuracy: 0.5156399348346727 loss: 8777585.057692308
train total time is 3.420374631881714
Epoch 253, train MAE: 1602.5540771484375, train accuracy: 0.525444926879524 loss: 8646332.625
train total time is 3.424860954284668
Epoch 254, train MAE: 1561.3555908203125, train accuracy: 0.5121933813463518 loss: 8412209.942307692
train total time is 3.573068380355835
Epoch 255, train MAE: 1571.7313232421875, train accuracy: 0.5140061698759805 loss: 8297333.192307692
train total time is 3.459726572036743
Epoch 256, train MAE: 1594.5828857421875, train accuracy: 0.5151671443119255 loss: 8733046.35576923
train total time is 3.4303572177886963
Epoch 257, train MAE: 1576.17236328125, train accuracy: 0.5116924182961836 loss: 8508009.75
train total time is 3.419447183609009
Epoch 258, train MAE: 1568.5733642578125, train accuracy: 0.5214976482748659 loss: 8689048.115384616
train total time is 3.4267385005950928
Epoch 259, train MAE: 1626.7481689453125, train accuracy: 0.5217195222311153 loss: 8697702.98076923
train total time is 3.551553726196289
Epoch 260, train MAE: 1603.534423828125, train accuracy: 0.517926601882356 loss: 8447447.73076923
train total time is 3.417109489440918
Epoch 261, train MAE: 1613.2734375, train accuracy: 0.5221273763810691 loss: 8614375.298076924
train total time is 3.40659761428833
Epoch 262, train MAE: 1648.3778076171875, train accuracy: 0.5249533497801482 loss: 8611179.26923077
train total time is 3.4506466388702393
Epoch 263, train MAE: 1532.2274169921875, train accuracy: 0.5257736885179698 loss: 8339725.096153846
train total time is 3.4744396209716797
Epoch 264, train MAE: 1552.3214111328125, train accuracy: 0.5198399411078161 loss: 8465760.461538462
train total time is 3.5061800479888916
Epoch 265, train MAE: 1634.1490478515625, train accuracy: 0.5118741139946483 loss: 8934486.365384616
train total time is 3.505997896194458
Epoch 266, train MAE: 1630.09912109375, train accuracy: 0.528059616609827 loss: 8849589.721153846
train total time is 3.467282772064209
Epoch 267, train MAE: 1653.7799072265625, train accuracy: 0.5184059542251818 loss: 8623179.298076924
train total time is 3.497194528579712
Epoch 268, train MAE: 1655.134765625, train accuracy: 0.5453098094897042 loss: 9032663.461538462
train total time is 3.4243314266204834
Epoch 269, train MAE: 1645.192138671875, train accuracy: 0.5071068083613817 loss: 8784306.451923076
train total time is 3.5217373371124268
Epoch 270, train MAE: 1623.446533203125, train accuracy: 0.5214289431810598 loss: 8713996.288461538
train total time is 3.4200985431671143
Epoch 271, train MAE: 1540.9029541015625, train accuracy: 0.5288996501313817 loss: 8297049.576923077
train total time is 3.439971446990967
Epoch 272, train MAE: 1546.41748046875, train accuracy: 0.5243011219595927 loss: 8221509.394230769
train total time is 3.4305741786956787
Epoch 273, train MAE: 1577.747802734375, train accuracy: 0.5253882502290351 loss: 8537342.346153846
train total time is 3.573960304260254
Epoch 274, train MAE: 1626.72509765625, train accuracy: 0.5193923431788222 loss: 8842267.134615384
train total time is 3.545747756958008
Epoch 275, train MAE: 1556.1790771484375, train accuracy: 0.5245966181932319 loss: 8294467.240384615
train total time is 3.4149320125579834
Epoch 276, train MAE: 1558.50390625, train accuracy: 0.5282641018624141 loss: 8417366.653846154
train total time is 3.507533311843872
Epoch 277, train MAE: 1514.8463134765625, train accuracy: 0.525893254017604 loss: 7787755.278846154
train total time is 3.413538694381714
Epoch 278, train MAE: 1564.47021484375, train accuracy: 0.5292657126737318 loss: 8388722.403846154
train total time is 3.419548511505127
Epoch 279, train MAE: 1560.5399169921875, train accuracy: 0.5351440750121219 loss: 8391391.846153846
train total time is 3.5342166423797607
Epoch 280, train MAE: 1595.1724853515625, train accuracy: 0.520467417832302 loss: 8749462.471153846
train total time is 3.482973337173462
Epoch 281, train MAE: 1596.1939697265625, train accuracy: 0.5203692368622106 loss: 8521232.10576923
train total time is 3.4864494800567627
Epoch 282, train MAE: 1612.5115966796875, train accuracy: 0.5446490932729876 loss: 8955934.817307692
train total time is 3.417308807373047
Epoch 283, train MAE: 1630.705078125, train accuracy: 0.5229880698321034 loss: 8394291.85576923
train total time is 3.4578332901000977
Epoch 284, train MAE: 1568.186279296875, train accuracy: 0.5423929257966305 loss: 8447585.701923076
train total time is 3.5205986499786377
Epoch 285, train MAE: 1557.9910888671875, train accuracy: 0.5393231515052401 loss: 8519027.26923077
train total time is 3.467310905456543
Epoch 286, train MAE: 1567.659912109375, train accuracy: 0.5301326262347762 loss: 8372964.403846154
train total time is 3.4347963333129883
Epoch 287, train MAE: 1513.2159423828125, train accuracy: 0.5295228177749485 loss: 7329925.153846154
train total time is 3.6335511207580566
Epoch 288, train MAE: 1544.02197265625, train accuracy: 0.5432596528930181 loss: 8275135.086538462
train total time is 3.42342472076416
Epoch 289, train MAE: 1591.82080078125, train accuracy: 0.5133323184729576 loss: 8506780.826923076
train total time is 3.521317720413208
Epoch 290, train MAE: 1562.9383544921875, train accuracy: 0.5368628829635242 loss: 8208090.326923077
train total time is 3.439055919647217
Epoch 291, train MAE: 1626.030029296875, train accuracy: 0.5429385664296145 loss: 8701193.173076924
train total time is 3.438664436340332
Epoch 292, train MAE: 1669.308349609375, train accuracy: 0.5236537448995106 loss: 8808993.596153846
train total time is 3.3969602584838867
Epoch 293, train MAE: 1795.619384765625, train accuracy: 0.5275964548458617 loss: 9754834.942307692
train total time is 3.461714267730713
Epoch 294, train MAE: 1645.6182861328125, train accuracy: 0.5341974723686592 loss: 8969218.365384616
train total time is 3.5823090076446533
Epoch 295, train MAE: 1572.8704833984375, train accuracy: 0.5308114422357431 loss: 8323955.019230769
train total time is 3.6156349182128906
Epoch 296, train MAE: 1603.8699951171875, train accuracy: 0.5345070216480288 loss: 8618439.201923076
train total time is 3.459120035171509
Epoch 297, train MAE: 1524.2938232421875, train accuracy: 0.5369150735218712 loss: 7976452.432692308
train total time is 3.556223154067993
Epoch 298, train MAE: 1564.612060546875, train accuracy: 0.5294652929656521 loss: 8534305.721153846
train total time is 3.4303884506225586
Epoch 299, train MAE: 1591.9442138671875, train accuracy: 0.5434903712085194 loss: 8592358.298076924
learning rate change
train total time is 3.6187968254089355
Epoch 300, train MAE: 1540.249267578125, train accuracy: 0.5394403921446592 loss: 8230424.403846154
train total time is 3.4661521911621094
Epoch 301, train MAE: 1491.8040771484375, train accuracy: 0.5502463287882023 loss: 7977722.269230769
train total time is 3.4749183654785156
Epoch 302, train MAE: 1497.09130859375, train accuracy: 0.546353694418592 loss: 8019956.528846154
train total time is 3.4316771030426025
Epoch 303, train MAE: 1474.49853515625, train accuracy: 0.5460492132520319 loss: 7583318.923076923
train total time is 3.420898914337158
Epoch 304, train MAE: 1489.9874267578125, train accuracy: 0.5475859203219532 loss: 7956789.326923077
train total time is 3.525245428085327
Epoch 305, train MAE: 1485.815185546875, train accuracy: 0.5409618010601676 loss: 7923843.980769231
train total time is 3.6073801517486572
Epoch 306, train MAE: 1479.455810546875, train accuracy: 0.5352787731174089 loss: 7365347.25
train total time is 3.5768890380859375
Epoch 307, train MAE: 1493.3612060546875, train accuracy: 0.5478145037532972 loss: 7932218.480769231
train total time is 3.4960391521453857
Epoch 308, train MAE: 1480.218994140625, train accuracy: 0.5414326902502574 loss: 7737444.403846154
train total time is 3.429112195968628
Epoch 309, train MAE: 1464.0516357421875, train accuracy: 0.5476440613973901 loss: 7290044.086538462
train total time is 3.6527323722839355
Epoch 310, train MAE: 1476.7598876953125, train accuracy: 0.5582105997278678 loss: 7870191.365384615
train total time is 3.504121780395508
Epoch 311, train MAE: 1484.6522216796875, train accuracy: 0.5545724690829917 loss: 7926247.163461538
train total time is 3.4694576263427734
Epoch 312, train MAE: 1483.7674560546875, train accuracy: 0.54529056043735 loss: 7838877.096153846
train total time is 3.4598348140716553
Epoch 313, train MAE: 1482.889404296875, train accuracy: 0.5431273827311498 loss: 7849713.192307692
train total time is 3.428844928741455
Epoch 314, train MAE: 1467.526123046875, train accuracy: 0.5491363127699058 loss: 7633976.480769231
train total time is 3.528069496154785
Epoch 315, train MAE: 1475.095458984375, train accuracy: 0.5455034327060858 loss: 7692149.230769231
train total time is 3.4591848850250244
Epoch 316, train MAE: 1487.5704345703125, train accuracy: 0.5537834685672698 loss: 7902927.211538462
train total time is 3.4751944541931152
Epoch 317, train MAE: 1484.0194091796875, train accuracy: 0.5520178846523454 loss: 7894652.25
train total time is 3.427258253097534
Epoch 318, train MAE: 1481.7332763671875, train accuracy: 0.5440426573313605 loss: 7819368.788461538
train total time is 3.453866958618164
Epoch 319, train MAE: 1495.4766845703125, train accuracy: 0.547743108148558 loss: 7886711.942307692
train total time is 3.6029155254364014
Epoch 320, train MAE: 1490.859130859375, train accuracy: 0.5455766026229905 loss: 7877475.903846154
train total time is 3.4605185985565186
Epoch 321, train MAE: 1478.7213134765625, train accuracy: 0.5609528439289121 loss: 7830392.759615385
train total time is 3.460455894470215
Epoch 322, train MAE: 1489.7823486328125, train accuracy: 0.5471058657192319 loss: 7872297.153846154
train total time is 3.475292205810547
Epoch 323, train MAE: 1500.217529296875, train accuracy: 0.5448060208676129 loss: 7948864.461538462
train total time is 3.473752737045288
Epoch 324, train MAE: 1480.448974609375, train accuracy: 0.5542383127988678 loss: 7860246.721153846
train total time is 3.6689693927764893
Epoch 325, train MAE: 1473.837890625, train accuracy: 0.5518924159743094 loss: 7824264.048076923
train total time is 3.400869131088257
Epoch 326, train MAE: 1485.942626953125, train accuracy: 0.5463414449897251 loss: 7873607.192307692
train total time is 3.519995927810669
Epoch 327, train MAE: 1475.18603515625, train accuracy: 0.55218686132151 loss: 7843774.817307692
train total time is 3.469381332397461
Epoch 328, train MAE: 1476.8072509765625, train accuracy: 0.5564104079695291 loss: 7817147.942307692
train total time is 3.5008413791656494
Epoch 329, train MAE: 1466.8052978515625, train accuracy: 0.5520093551831632 loss: 7631192.259615385
train total time is 3.652378559112549
Epoch 330, train MAE: 1473.68408203125, train accuracy: 0.5456998774618148 loss: 7637278.298076923
train total time is 3.5265512466430664
Epoch 331, train MAE: 1475.7239990234375, train accuracy: 0.5534180232339321 loss: 7870754.096153846
train total time is 3.5489866733551025
Epoch 332, train MAE: 1476.3612060546875, train accuracy: 0.5482258446384821 loss: 7692460.509615385
train total time is 3.535238742828369
Epoch 333, train MAE: 1489.4383544921875, train accuracy: 0.5367876112769229 loss: 7899455.365384615
train total time is 3.5016374588012695
Epoch 334, train MAE: 1477.08642578125, train accuracy: 0.553968406180868 loss: 7852018.625
train total time is 3.6282315254211426
Epoch 335, train MAE: 1476.7100830078125, train accuracy: 0.5600872865787222 loss: 7812024.317307692
train total time is 3.4572653770446777
Epoch 336, train MAE: 1485.243896484375, train accuracy: 0.5522310355741543 loss: 7789719.730769231
train total time is 3.4757065773010254
Epoch 337, train MAE: 1493.4466552734375, train accuracy: 0.5571762631595201 loss: 7915716.894230769
train total time is 3.426974296569824
Epoch 338, train MAE: 1490.5032958984375, train accuracy: 0.5410075142172467 loss: 7907338.125
train total time is 3.5471887588500977
Epoch 339, train MAE: 1465.772705078125, train accuracy: 0.5643986329214793 loss: 7634649.576923077
train total time is 3.6436831951141357
Epoch 340, train MAE: 1483.1710205078125, train accuracy: 0.55486628286815 loss: 7852744.778846154
train total time is 3.5529701709747314
Epoch 341, train MAE: 1476.947998046875, train accuracy: 0.5517954554531856 loss: 7820408.211538462
train total time is 3.477080821990967
Epoch 342, train MAE: 1468.5072021484375, train accuracy: 0.5617763692011389 loss: 7504441.673076923
train total time is 3.5778486728668213
Epoch 343, train MAE: 1477.9207763671875, train accuracy: 0.5527842163496596 loss: 7797927.211538462
train total time is 3.596947193145752
Epoch 344, train MAE: 1484.853515625, train accuracy: 0.5623087464838514 loss: 7880250.019230769
train total time is 3.723472833633423
Epoch 345, train MAE: 1476.83447265625, train accuracy: 0.552540473513699 loss: 7786635.903846154
train total time is 3.618997573852539
Epoch 346, train MAE: 1472.607666015625, train accuracy: 0.5555095723676493 loss: 7800538.932692308
train total time is 3.5691401958465576
Epoch 347, train MAE: 1467.8016357421875, train accuracy: 0.5568129137516474 loss: 7557255.067307692
train total time is 3.583345413208008
Epoch 348, train MAE: 1487.112060546875, train accuracy: 0.551764870766576 loss: 7810377.798076923
train total time is 3.6366240978240967
Epoch 349, train MAE: 1480.3533935546875, train accuracy: 0.5509829539680388 loss: 7790885.586538462
train total time is 3.611769437789917
Epoch 350, train MAE: 1451.5382080078125, train accuracy: 0.5456435164442215 loss: 6843203.115384615
train total time is 3.5493361949920654
Epoch 351, train MAE: 1462.2227783203125, train accuracy: 0.5639932456106653 loss: 7660329.923076923
train total time is 3.7202184200286865
Epoch 352, train MAE: 1480.6529541015625, train accuracy: 0.550341518909768 loss: 7824076.115384615
train total time is 3.5556788444519043
Epoch 353, train MAE: 1473.27587890625, train accuracy: 0.5643653088214782 loss: 7879832.375
train total time is 3.5467140674591064
Epoch 354, train MAE: 1471.466552734375, train accuracy: 0.556555871281198 loss: 7765313.403846154
train total time is 3.64091157913208
Epoch 355, train MAE: 1486.613037109375, train accuracy: 0.5526619557086752 loss: 7841286.634615385
train total time is 3.581075668334961
Epoch 356, train MAE: 1469.2662353515625, train accuracy: 0.562167395818566 loss: 7766814.336538462
train total time is 3.6815483570098877
Epoch 357, train MAE: 1470.23046875, train accuracy: 0.5567859590946409 loss: 7580709.951923077
train total time is 3.5958991050720215
Epoch 358, train MAE: 1486.6866455078125, train accuracy: 0.5535414673319972 loss: 7820448.807692308
train total time is 3.5544931888580322
Epoch 359, train MAE: 1465.0155029296875, train accuracy: 0.562973429882034 loss: 7790079.230769231
train total time is 3.543639659881592
Epoch 360, train MAE: 1497.3526611328125, train accuracy: 0.542144240279191 loss: 7822637.548076923
train total time is 3.576610803604126
Epoch 361, train MAE: 1468.524658203125, train accuracy: 0.558573527821522 loss: 7421894.807692308
train total time is 3.7101001739501953
Epoch 362, train MAE: 1474.5540771484375, train accuracy: 0.5533441833887027 loss: 7780006.682692308
train total time is 3.594435453414917
Epoch 363, train MAE: 1471.8897705078125, train accuracy: 0.5608740488444903 loss: 7829242.538461538
train total time is 3.646331548690796
Epoch 364, train MAE: 1492.57421875, train accuracy: 0.5395330474638858 loss: 7796605.576923077
train total time is 3.555619955062866
Epoch 365, train MAE: 1476.635986328125, train accuracy: 0.5534082827862268 loss: 7824739.490384615
train total time is 3.556997299194336
Epoch 366, train MAE: 1476.4185791015625, train accuracy: 0.5593757097612103 loss: 7773716.355769231
train total time is 3.642789602279663
Epoch 367, train MAE: 1478.10400390625, train accuracy: 0.5539202990457935 loss: 7836374.875
train total time is 3.5408287048339844
Epoch 368, train MAE: 1472.3092041015625, train accuracy: 0.5483479256764473 loss: 7771285.432692308
train total time is 3.5796637535095215
Epoch 369, train MAE: 1472.5516357421875, train accuracy: 0.5524087177906385 loss: 7767415.894230769
train total time is 3.552767753601074
Epoch 370, train MAE: 1464.33642578125, train accuracy: 0.5570996183705307 loss: 7635813.653846154
train total time is 3.554022789001465
Epoch 371, train MAE: 1475.0906982421875, train accuracy: 0.5637088153521937 loss: 7785476.009615385
train total time is 3.628849506378174
Epoch 372, train MAE: 1480.223388671875, train accuracy: 0.5444592652672026 loss: 7823443.307692308
train total time is 3.53582763671875
Epoch 373, train MAE: 1465.7139892578125, train accuracy: 0.5580602607354415 loss: 7664616.451923077
train total time is 3.646973133087158
Epoch 374, train MAE: 1473.013916015625, train accuracy: 0.550282835086501 loss: 7762587.134615385
train total time is 3.597092628479004
Epoch 375, train MAE: 1472.85546875, train accuracy: 0.5609778663918024 loss: 7737720.634615385
train total time is 3.6025819778442383
Epoch 376, train MAE: 1466.7603759765625, train accuracy: 0.5583209287780038 loss: 7623010.192307692
train total time is 3.678197145462036
Epoch 377, train MAE: 1464.620849609375, train accuracy: 0.5546619795538643 loss: 7598657.105769231
train total time is 3.558847427368164
Epoch 378, train MAE: 1478.3126220703125, train accuracy: 0.553323913979292 loss: 7799866.442307692
train total time is 3.567625045776367
Epoch 379, train MAE: 1485.7156982421875, train accuracy: 0.543433250087521 loss: 7816768.346153846
train total time is 3.5987658500671387
Epoch 380, train MAE: 1465.5338134765625, train accuracy: 0.5599721191661803 loss: 7732929.778846154
train total time is 3.579231023788452
Epoch 381, train MAE: 1464.169921875, train accuracy: 0.5593476361919938 loss: 7667251.980769231
train total time is 3.6822192668914795
Epoch 382, train MAE: 1485.5216064453125, train accuracy: 0.5530170260046695 loss: 7732303.682692308
train total time is 3.5620028972625732
Epoch 383, train MAE: 1480.10595703125, train accuracy: 0.5466894998854117 loss: 7763076.971153846
train total time is 3.5764143466949463
Epoch 384, train MAE: 1465.44921875, train accuracy: 0.560896853735971 loss: 7690165.307692308
train total time is 3.5677313804626465
Epoch 385, train MAE: 1463.976318359375, train accuracy: 0.5621493023661724 loss: 7702418.980769231
train total time is 3.565122604370117
Epoch 386, train MAE: 1474.274169921875, train accuracy: 0.5596113128891054 loss: 7772838.365384615
train total time is 3.6583101749420166
Epoch 387, train MAE: 1480.61865234375, train accuracy: 0.5587987689010985 loss: 7773733.894230769
train total time is 3.634463310241699
Epoch 388, train MAE: 1469.9114990234375, train accuracy: 0.5563820399668435 loss: 7746920.615384615
train total time is 3.6356940269470215
Epoch 389, train MAE: 1465.3165283203125, train accuracy: 0.5615116245039721 loss: 7584503.884615385
train total time is 3.5807714462280273
Epoch 390, train MAE: 1469.314697265625, train accuracy: 0.5642598830963532 loss: 7754034.509615385
train total time is 3.5717718601226807
Epoch 391, train MAE: 1472.8040771484375, train accuracy: 0.5586824956631007 loss: 7741339.634615385
train total time is 3.6876537799835205
Epoch 392, train MAE: 1476.3111572265625, train accuracy: 0.565011655631681 loss: 7770628.201923077
train total time is 3.6480703353881836
Epoch 393, train MAE: 1464.531494140625, train accuracy: 0.5611409224208764 loss: 7608669.317307692
train total time is 3.5899980068206787
Epoch 394, train MAE: 1474.588623046875, train accuracy: 0.5643215500355419 loss: 7796090.903846154
train total time is 3.6062004566192627
Epoch 395, train MAE: 1468.0599365234375, train accuracy: 0.5872124519058948 loss: 7750641.865384615
train total time is 3.560537099838257
Epoch 396, train MAE: 1487.25146484375, train accuracy: 0.5459447252295061 loss: 7809375.644230769
train total time is 3.646641731262207
Epoch 397, train MAE: 1469.6102294921875, train accuracy: 0.5634344845895245 loss: 7657914.394230769
train total time is 3.620469808578491
Epoch 398, train MAE: 1465.402587890625, train accuracy: 0.5585505500455459 loss: 7708028.836538462
train total time is 3.6612935066223145
Epoch 399, train MAE: 1458.3175048828125, train accuracy: 0.5703880253476312 loss: 7627977.355769231
train total time is 3.5917956829071045
Epoch 400, train MAE: 1474.1492919921875, train accuracy: 0.5559084338946215 loss: 7757470.682692308
train total time is 3.5602986812591553
Epoch 401, train MAE: 1477.393798828125, train accuracy: 0.5418473543335085 loss: 7771131.076923077
train total time is 3.633047103881836
Epoch 402, train MAE: 1466.6002197265625, train accuracy: 0.5612585200617819 loss: 7664885.423076923
train total time is 3.5455777645111084
Epoch 403, train MAE: 1463.932373046875, train accuracy: 0.5667002075138444 loss: 7683917.923076923
train total time is 3.6752655506134033
Epoch 404, train MAE: 1479.461669921875, train accuracy: 0.5526628060717661 loss: 7780618.182692308
train total time is 3.5916526317596436
Epoch 405, train MAE: 1469.6314697265625, train accuracy: 0.5830935293817294 loss: 7746609.875
train total time is 3.5705108642578125
Epoch 406, train MAE: 1479.3155517578125, train accuracy: 0.5507132682415513 loss: 7737432.509615385
train total time is 3.668829917907715
Epoch 407, train MAE: 1468.6588134765625, train accuracy: 0.5700556919755685 loss: 7703473.009615385
train total time is 3.5689008235931396
Epoch 408, train MAE: 1472.49853515625, train accuracy: 0.5731891916618029 loss: 7786537.730769231
train total time is 3.6401455402374268
Epoch 409, train MAE: 1514.944580078125, train accuracy: 0.5370279106461238 loss: 7859604.153846154
train total time is 3.6140177249908447
Epoch 410, train MAE: 1477.74755859375, train accuracy: 0.5785071875445564 loss: 7680438.230769231
train total time is 3.580634832382202
Epoch 411, train MAE: 1473.843994140625, train accuracy: 0.5570340625339782 loss: 7770334.096153846
train total time is 3.586592197418213
Epoch 412, train MAE: 1463.3553466796875, train accuracy: 0.5625102437616281 loss: 7548273.048076923
train total time is 3.6285719871520996
Epoch 413, train MAE: 1476.9034423828125, train accuracy: 0.5580844620317226 loss: 7734666.365384615
train total time is 3.6726322174072266
Epoch 414, train MAE: 1472.3162841796875, train accuracy: 0.5521371959325341 loss: 7682504.125
train total time is 3.5768837928771973
Epoch 415, train MAE: 1456.9207763671875, train accuracy: 0.5644448291382662 loss: 7539366.317307692
train total time is 3.6061270236968994
Epoch 416, train MAE: 1467.3096923828125, train accuracy: 0.5624810052299029 loss: 7706060.240384615
train total time is 3.5796310901641846
Epoch 417, train MAE: 1478.27197265625, train accuracy: 0.5693145118617798 loss: 7723051.009615385
train total time is 3.5947206020355225
Epoch 418, train MAE: 1475.4656982421875, train accuracy: 0.5483086291247296 loss: 7735120.125
train total time is 3.640559673309326
Epoch 419, train MAE: 1466.61572265625, train accuracy: 0.5597206839215999 loss: 7697893.182692308
train total time is 3.5735855102539062
Epoch 420, train MAE: 1467.023681640625, train accuracy: 0.5683309125923833 loss: 7692423.153846154
train total time is 3.5505425930023193
Epoch 421, train MAE: 1476.35791015625, train accuracy: 0.5476084786901574 loss: 7737973.884615385
train total time is 3.611677646636963
Epoch 422, train MAE: 1472.498046875, train accuracy: 0.5699595829820916 loss: 7792428.25
train total time is 3.5597426891326904
Epoch 423, train MAE: 1487.6112060546875, train accuracy: 0.5535849686472528 loss: 7797468.278846154
train total time is 3.668665647506714
Epoch 424, train MAE: 1476.630615234375, train accuracy: 0.5747819842544017 loss: 7792129.086538462
train total time is 3.6103382110595703
Epoch 425, train MAE: 1481.79248046875, train accuracy: 0.5443754838606292 loss: 7517089.211538462
train total time is 3.5585074424743652
Epoch 426, train MAE: 1463.1256103515625, train accuracy: 0.5864492121713838 loss: 7413399.865384615
train total time is 3.5783767700195312
Epoch 427, train MAE: 1468.03857421875, train accuracy: 0.560897493524993 loss: 7489123.826923077
train total time is 3.544046401977539
Epoch 428, train MAE: 1469.0391845703125, train accuracy: 0.5798490260909122 loss: 7731181.163461538
train total time is 3.669062376022339
Epoch 429, train MAE: 1463.633056640625, train accuracy: 0.5743540008763185 loss: 7660337.615384615
train total time is 3.5971906185150146
Epoch 430, train MAE: 1474.14404296875, train accuracy: 0.5620035198557986 loss: 7713669.605769231
train total time is 3.583055019378662
Epoch 431, train MAE: 1455.799072265625, train accuracy: 0.5717261092099393 loss: 7610571.480769231
train total time is 3.581106662750244
Epoch 432, train MAE: 1466.726318359375, train accuracy: 0.5705963759549157 loss: 7713696.076923077
train total time is 3.6020047664642334
Epoch 433, train MAE: 1454.99853515625, train accuracy: 0.5663657156745417 loss: 7348048.644230769
train total time is 3.6940221786499023
Epoch 434, train MAE: 1469.65478515625, train accuracy: 0.5666278650979906 loss: 7715520.634615385
train total time is 3.5585203170776367
Epoch 435, train MAE: 1479.345947265625, train accuracy: 0.5733536093726075 loss: 7757887.480769231
train total time is 3.5803768634796143
Epoch 436, train MAE: 1474.4166259765625, train accuracy: 0.5811488568038633 loss: 7745890.480769231
train total time is 3.6039490699768066
Epoch 437, train MAE: 1480.393310546875, train accuracy: 0.5546258349439032 loss: 7755645.307692308
train total time is 3.562164783477783
Epoch 438, train MAE: 1462.5325927734375, train accuracy: 0.5597702730078318 loss: 7457895.25
train total time is 3.6403958797454834
Epoch 439, train MAE: 1467.4271240234375, train accuracy: 0.5774644657928195 loss: 7575573.538461538
train total time is 3.5617141723632812
Epoch 440, train MAE: 1477.381591796875, train accuracy: 0.5488220451848757 loss: 7642878.153846154
train total time is 3.551525592803955
Epoch 441, train MAE: 1468.777587890625, train accuracy: 0.578092053229993 loss: 7724746.086538462
train total time is 3.5762150287628174
Epoch 442, train MAE: 1468.066162109375, train accuracy: 0.5785517678291834 loss: 7708684.836538462
train total time is 3.532177448272705
Epoch 443, train MAE: 1475.046875, train accuracy: 0.5651793280932479 loss: 7691110.355769231
train total time is 3.6369473934173584
Epoch 444, train MAE: 1451.5604248046875, train accuracy: 0.5835515051638049 loss: 7492755.461538462
train total time is 3.54062819480896
Epoch 445, train MAE: 1471.44970703125, train accuracy: 0.5700269240389343 loss: 7726027.903846154
train total time is 3.5464351177215576
Epoch 446, train MAE: 1463.0343017578125, train accuracy: 0.5734811559870162 loss: 7592321.240384615
learning rate change
train total time is 3.5952470302581787
Epoch 447, train MAE: 1461.86474609375, train accuracy: 0.5713548022211551 loss: 7609557.461538462
train total time is 3.6075284481048584
Epoch 448, train MAE: 1466.24951171875, train accuracy: 0.5707552793911462 loss: 7641911.307692308
train total time is 3.6560614109039307
Epoch 449, train MAE: 1467.026611328125, train accuracy: 0.568366636679754 loss: 7647999.096153846
train total time is 3.5852015018463135
Epoch 450, train MAE: 1457.4412841796875, train accuracy: 0.567099047955192 loss: 7521171.586538462
train total time is 3.563694715499878
Epoch 451, train MAE: 1451.6561279296875, train accuracy: 0.5682451481280526 loss: 7396971.653846154
train total time is 3.5853896141052246
Epoch 452, train MAE: 1458.268798828125, train accuracy: 0.567820189300315 loss: 7595197.269230769
train total time is 3.558042526245117
Epoch 453, train MAE: 1457.3094482421875, train accuracy: 0.570979066864752 loss: 7617897.086538462
train total time is 3.6614015102386475
Epoch 454, train MAE: 1458.427490234375, train accuracy: 0.5701818300326527 loss: 7579104.932692308
train total time is 3.569437265396118
Epoch 455, train MAE: 1460.3294677734375, train accuracy: 0.5692962329263093 loss: 7612161.423076923
train total time is 3.55629563331604
Epoch 456, train MAE: 1450.9666748046875, train accuracy: 0.5714322376114934 loss: 7502677.375
train total time is 3.563748836517334
Epoch 457, train MAE: 1451.98095703125, train accuracy: 0.5709497332116169 loss: 7432494.596153846
train total time is 3.570103168487549
Epoch 458, train MAE: 1462.6978759765625, train accuracy: 0.5684504365414722 loss: 7617577.394230769
train total time is 3.645087242126465
Epoch 459, train MAE: 1464.53125, train accuracy: 0.567725750483407 loss: 7656969.365384615
train total time is 3.566476345062256
Epoch 460, train MAE: 1452.233642578125, train accuracy: 0.5698669766543846 loss: 7466894.471153846
train total time is 3.551579236984253
Epoch 461, train MAE: 1464.6080322265625, train accuracy: 0.5686880352103716 loss: 7624280.605769231
train total time is 3.5484843254089355
Epoch 462, train MAE: 1463.4017333984375, train accuracy: 0.5683021703773942 loss: 7626493.201923077
train total time is 3.5777015686035156
Epoch 463, train MAE: 1446.0850830078125, train accuracy: 0.5680602977847992 loss: 7361335.269230769
train total time is 3.668360710144043
Epoch 464, train MAE: 1438.6026611328125, train accuracy: 0.5693435306531096 loss: 7196132.326923077
train total time is 3.6190333366394043
Epoch 465, train MAE: 1463.744873046875, train accuracy: 0.5689232012218292 loss: 7644537.230769231
train total time is 3.6081960201263428
Epoch 466, train MAE: 1454.9061279296875, train accuracy: 0.5683025962005086 loss: 7581967.451923077
train total time is 3.492663621902466
Epoch 467, train MAE: 1463.2703857421875, train accuracy: 0.5681874269566844 loss: 7626960.326923077
train total time is 3.5714244842529297
Epoch 468, train MAE: 1462.0462646484375, train accuracy: 0.5696231574803974 loss: 7600340.144230769
train total time is 3.6558785438537598
Epoch 469, train MAE: 1465.6297607421875, train accuracy: 0.5705069213241587 loss: 7665347.182692308
train total time is 3.5430731773376465
Epoch 470, train MAE: 1449.750244140625, train accuracy: 0.5677233523421782 loss: 7455440.211538462
train total time is 3.5477216243743896
Epoch 471, train MAE: 1459.7706298828125, train accuracy: 0.5688372278105976 loss: 7624949.807692308
train total time is 3.597757577896118
Epoch 472, train MAE: 1454.1004638671875, train accuracy: 0.5711486662965163 loss: 7295884.019230769
train total time is 3.59069561958313
Epoch 473, train MAE: 1459.750244140625, train accuracy: 0.5703886030512341 loss: 7632169.826923077
train total time is 3.6665871143341064
Epoch 474, train MAE: 1456.1614990234375, train accuracy: 0.571404844900486 loss: 7594223.269230769
train total time is 3.5796360969543457
Epoch 475, train MAE: 1456.2974853515625, train accuracy: 0.5704832820469479 loss: 7553094.769230769
train total time is 3.578169822692871
Epoch 476, train MAE: 1458.141357421875, train accuracy: 0.5701102268906313 loss: 7597401.528846154
train total time is 3.577603340148926
Epoch 477, train MAE: 1457.6258544921875, train accuracy: 0.5695777507940053 loss: 7597299.653846154
train total time is 3.577986478805542
Epoch 478, train MAE: 1433.4251708984375, train accuracy: 0.5710276955523169 loss: 7003510.75
train total time is 3.6234848499298096
Epoch 479, train MAE: 1464.7109375, train accuracy: 0.5734504668378411 loss: 7654840.317307692
train total time is 3.608846426010132
Epoch 480, train MAE: 1453.3380126953125, train accuracy: 0.5721809966623228 loss: 7335979.307692308
train total time is 3.597115993499756
Epoch 481, train MAE: 1461.0372314453125, train accuracy: 0.5710641557937745 loss: 7642890.942307692
train total time is 3.5490729808807373
Epoch 482, train MAE: 1463.8001708984375, train accuracy: 0.5710679516958166 loss: 7656295.894230769
train total time is 3.6650710105895996
Epoch 483, train MAE: 1459.7325439453125, train accuracy: 0.5720723834441133 loss: 7629030.913461538
train total time is 3.770293712615967
Epoch 484, train MAE: 1459.7615966796875, train accuracy: 0.5691559376999632 loss: 7600408.903846154
train total time is 3.6186606884002686
Epoch 485, train MAE: 1454.78515625, train accuracy: 0.5686382994252395 loss: 7596791.567307692
train total time is 3.6045258045196533
Epoch 486, train MAE: 1463.1478271484375, train accuracy: 0.5700679426259867 loss: 7648835.730769231
train total time is 3.5481648445129395
Epoch 487, train MAE: 1465.3282470703125, train accuracy: 0.5679558659897148 loss: 7647833.567307692
train total time is 3.6127471923828125
Epoch 488, train MAE: 1462.844482421875, train accuracy: 0.5634694112695382 loss: 7609909.798076923
train total time is 3.669032335281372
Epoch 489, train MAE: 1457.5958251953125, train accuracy: 0.5668224462729501 loss: 7526546.240384615
train total time is 3.623896837234497
Epoch 490, train MAE: 1455.4478759765625, train accuracy: 0.5670773836815346 loss: 7471925.144230769
train total time is 3.683718681335449
Epoch 491, train MAE: 1459.5625, train accuracy: 0.5697319802719565 loss: 7613685.057692308
train total time is 3.5931591987609863
Epoch 492, train MAE: 1461.6065673828125, train accuracy: 0.5677304690389725 loss: 7629380.778846154
train total time is 3.5728278160095215
Epoch 493, train MAE: 1461.567626953125, train accuracy: 0.5667564539239142 loss: 7637057.980769231
train total time is 3.662618398666382
Epoch 494, train MAE: 1464.017578125, train accuracy: 0.5703935690876966 loss: 7640163.451923077
train total time is 3.5812010765075684
Epoch 495, train MAE: 1459.6556396484375, train accuracy: 0.5695202796385306 loss: 7630556.461538462
train total time is 3.625476360321045
Epoch 496, train MAE: 1445.8978271484375, train accuracy: 0.5709592499890812 loss: 7290544.942307692
train total time is 3.6767680644989014
Epoch 497, train MAE: 1461.3983154296875, train accuracy: 0.5693911885466163 loss: 7627802.259615385
learning rate change
train total time is 3.63523268699646
Epoch 498, train MAE: 1463.2923583984375, train accuracy: 0.5684564886300716 loss: 7644884.769230769
train total time is 3.7759485244750977
Epoch 499, train MAE: 1459.5411376953125, train accuracy: 0.5691306076287163 loss: 7614564.923076923
train total time is 3.661046028137207
Epoch 500, train MAE: 1445.0904541015625, train accuracy: 0.569589003218021 loss: 7236946.855769231
train total time is 3.5654397010803223
Epoch 501, train MAE: 1463.116943359375, train accuracy: 0.5704264544401974 loss: 7617233.288461538
train total time is 3.5689849853515625
Epoch 502, train MAE: 1460.3360595703125, train accuracy: 0.5699424973877224 loss: 7614696.096153846
train total time is 3.5446479320526123
Epoch 503, train MAE: 1457.15673828125, train accuracy: 0.5693788307786642 loss: 7592428.346153846
train total time is 3.655866861343384
Epoch 504, train MAE: 1455.2974853515625, train accuracy: 0.5694940445008525 loss: 7503335.961538462
train total time is 3.5484778881073
Epoch 505, train MAE: 1456.211181640625, train accuracy: 0.5687151891502383 loss: 7530383.75
train total time is 3.6093406677246094
Epoch 506, train MAE: 1460.53271484375, train accuracy: 0.5699348271987023 loss: 7625269.990384615
train total time is 3.584852933883667
Epoch 507, train MAE: 1455.7767333984375, train accuracy: 0.5692124124093142 loss: 7589073.682692308
train total time is 3.576663017272949
Epoch 508, train MAE: 1462.269287109375, train accuracy: 0.5693972783267484 loss: 7633149.730769231
train total time is 3.6467323303222656
Epoch 509, train MAE: 1456.22509765625, train accuracy: 0.569707605814078 loss: 7590478.673076923
train total time is 3.6068618297576904
Epoch 510, train MAE: 1453.4744873046875, train accuracy: 0.5695804672781873 loss: 7408979.644230769
train total time is 3.5860891342163086
Epoch 511, train MAE: 1462.1710205078125, train accuracy: 0.5691773211456786 loss: 7603315.317307692
train total time is 3.598714590072632
Epoch 512, train MAE: 1459.12841796875, train accuracy: 0.5681211073831266 loss: 7608006.125
train total time is 3.5943145751953125
Epoch 513, train MAE: 1460.368896484375, train accuracy: 0.5702283098200641 loss: 7618272.326923077
train total time is 3.6850228309631348
Epoch 514, train MAE: 1454.7061767578125, train accuracy: 0.5691874556193612 loss: 7553533.673076923
train total time is 3.589463233947754
Epoch 515, train MAE: 1458.2196044921875, train accuracy: 0.5688092137372466 loss: 7564381.855769231
train total time is 3.5982460975646973
Epoch 516, train MAE: 1459.55908203125, train accuracy: 0.5696294333100579 loss: 7618412.538461538
train total time is 3.5911664962768555
Epoch 517, train MAE: 1460.7518310546875, train accuracy: 0.5691516332481958 loss: 7625082.557692308
train total time is 3.6155943870544434
Epoch 518, train MAE: 1442.3214111328125, train accuracy: 0.5703470143373187 loss: 7380527.634615385
train total time is 3.6992805004119873
Epoch 519, train MAE: 1445.5721435546875, train accuracy: 0.5692396509742038 loss: 7358429.125
train total time is 3.618962287902832
Epoch 520, train MAE: 1448.19921875, train accuracy: 0.5701192313910058 loss: 7475913.673076923
train total time is 3.541005849838257
Epoch 521, train MAE: 1449.5443115234375, train accuracy: 0.5690736436245902 loss: 7333419.307692308
train total time is 3.563286781311035
Epoch 522, train MAE: 1466.286376953125, train accuracy: 0.5689774586797166 loss: 7658009.625
train total time is 3.5633738040924072
Epoch 523, train MAE: 1462.357421875, train accuracy: 0.5698260195301851 loss: 7631287.971153846
train total time is 3.6489787101745605
Epoch 524, train MAE: 1465.226318359375, train accuracy: 0.5697942938293735 loss: 7649977.826923077
train total time is 3.558926582336426
Epoch 525, train MAE: 1456.70703125, train accuracy: 0.5693716740979171 loss: 7570303.355769231
train total time is 3.575261354446411
Epoch 526, train MAE: 1458.7188720703125, train accuracy: 0.5696047657874044 loss: 7577872.740384615
train total time is 3.5391407012939453
Epoch 527, train MAE: 1462.925048828125, train accuracy: 0.5691013264586227 loss: 7633215.278846154
train total time is 3.5657365322113037
Epoch 528, train MAE: 1460.5147705078125, train accuracy: 0.5705288258789528 loss: 7621012.413461538
train total time is 3.655853748321533
Epoch 529, train MAE: 1454.614501953125, train accuracy: 0.5702037503418769 loss: 7521109.326923077
train total time is 3.5510592460632324
Epoch 530, train MAE: 1463.93994140625, train accuracy: 0.5689359397005321 loss: 7632325.423076923
train total time is 3.5887997150421143
Epoch 531, train MAE: 1459.40869140625, train accuracy: 0.5688170687000796 loss: 7592557.519230769
train total time is 3.575446367263794
Epoch 532, train MAE: 1463.984130859375, train accuracy: 0.5698868219660187 loss: 7633359.625
train total time is 3.6287410259246826
Epoch 533, train MAE: 1458.880859375, train accuracy: 0.5702830485886945 loss: 7611959.875
train total time is 3.6382863521575928
Epoch 534, train MAE: 1461.3646240234375, train accuracy: 0.5684633679380899 loss: 7614718.346153846
train total time is 3.567211866378784
Epoch 535, train MAE: 1460.0350341796875, train accuracy: 0.5696850169124158 loss: 7611667.25
train total time is 3.5419487953186035
Epoch 536, train MAE: 1463.275146484375, train accuracy: 0.5686892624258154 loss: 7635844.25
train total time is 3.549070358276367
Epoch 537, train MAE: 1462.71923828125, train accuracy: 0.5683169138804205 loss: 7626307.942307692
train total time is 3.581549882888794
Epoch 538, train MAE: 1460.369384765625, train accuracy: 0.5699345506109146 loss: 7607550.134615385
train total time is 3.6568593978881836
Epoch 539, train MAE: 1464.10791015625, train accuracy: 0.5700952311619233 loss: 7641975.038461538
train total time is 3.5607361793518066
Epoch 540, train MAE: 1461.1802978515625, train accuracy: 0.5698321003272862 loss: 7615478.346153846
train total time is 3.5491127967834473
Epoch 541, train MAE: 1460.214599609375, train accuracy: 0.5695497320737943 loss: 7597149.230769231
train total time is 3.5725314617156982
Epoch 542, train MAE: 1441.12451171875, train accuracy: 0.5691589506092734 loss: 7190926.346153846
train total time is 3.5561962127685547
Epoch 543, train MAE: 1455.2921142578125, train accuracy: 0.5698649864635451 loss: 7572487.980769231
train total time is 3.6100499629974365
Epoch 544, train MAE: 1456.386474609375, train accuracy: 0.570790904170801 loss: 7547973.509615385
train total time is 3.5830066204071045
Epoch 545, train MAE: 1457.867431640625, train accuracy: 0.569331008138749 loss: 7595392.173076923
train total time is 3.6046664714813232
Epoch 546, train MAE: 1448.585205078125, train accuracy: 0.569397296317264 loss: 7253931.980769231
train total time is 3.553161144256592
Epoch 547, train MAE: 1456.7681884765625, train accuracy: 0.5701095567644062 loss: 7493987.471153846
train total time is 3.5543925762176514
Epoch 548, train MAE: 1464.13525390625, train accuracy: 0.5698687865089153 loss: 7648014.192307692
early stopping
